<?xml version="1.0" encoding="UTF-8"?>
<!-- Generated by org.testng.reporters.JUnitXMLReporter -->
<testsuite ignored="0" hostname="TestGroup" failures="0" tests="3" name="Test Automation" time="66.57" errors="0" timestamp="2025-08-29T11:59:11 GMT-04:00">
  <testcase classname="test.java.carritocompras.CC_Test" name="CC_QA_Automatizacion" time="20.098"/>
  <testcase classname="test.java.carritocompras.CC_Test" name="CC_QA_Automatizacion" time="22.214"/>
  <testcase classname="test.java.carritocompras.CC_Test" name="CC_QA_Automatizacion" time="20.191"/>
</testsuite> <!-- Test Automation -->
