<?xml version="1.0" encoding="UTF-8"?>
<!-- Generated by org.testng.reporters.JUnitReportReporter -->
<testsuite hostname="TestGroup" failures="0" tests="3" name="test.java.carritocompras.CC_Test" time="65.687" errors="0" timestamp="2025-08-29T11:59:11 GMT-04:00" skipped="0">
  <testcase classname="test.java.carritocompras.CC_Test" name="CC_QA_Automatizacion" time="21.000"/>
  <system-out/>
  <testcase classname="test.java.carritocompras.CC_Test" name="CC_QA_Automatizacion" time="21.580"/>
  <system-out/>
  <testcase classname="test.java.carritocompras.CC_Test" name="CC_QA_Automatizacion" time="23.107"/>
  <system-out/>
</testsuite> <!-- test.java.carritocompras.CC_Test -->
