<?xml version="1.0" encoding="UTF-8"?>
<!-- Generated by org.testng.reporters.JUnitReportReporter -->
<testsuite hostname="DESKTOP-QI8DB10" failures="0" tests="3" name="test.java.carritocompras.CC_Test" time="67.376" errors="0" timestamp="2025-12-16T18:34:24 CLST" skipped="0">
  <testcase classname="test.java.carritocompras.CC_Test" name="CC_QA_Automatizacion" time="21.575"/>
  <system-out/>
  <testcase classname="test.java.carritocompras.CC_Test" name="CC_QA_Automatizacion" time="22.068"/>
  <system-out/>
  <testcase classname="test.java.carritocompras.CC_Test" name="CC_QA_Automatizacion" time="23.733"/>
  <system-out/>
</testsuite> <!-- test.java.carritocompras.CC_Test -->
