<?xml version="1.0" encoding="UTF-8"?>
<!-- Generated by org.testng.reporters.JUnitReportReporter -->
<testsuite hostname="DESKTOP-QI8DB10" failures="0" tests="3" name="test.java.carritocompras.CC_Test" time="68.015" errors="0" timestamp="2025-12-16T19:13:45 CLST" skipped="0">
  <testcase classname="test.java.carritocompras.CC_Test" name="CC_QA_Automatizacion" time="21.581"/>
  <system-out/>
  <testcase classname="test.java.carritocompras.CC_Test" name="CC_QA_Automatizacion" time="22.400"/>
  <system-out/>
  <testcase classname="test.java.carritocompras.CC_Test" name="CC_QA_Automatizacion" time="24.034"/>
  <system-out/>
</testsuite> <!-- test.java.carritocompras.CC_Test -->
