<?xml version="1.0" encoding="UTF-8"?>
<!-- Generated by org.testng.reporters.JUnitXMLReporter -->
<testsuite ignored="0" hostname="DESKTOP-QI8DB10" failures="0" tests="3" name="Test Automation" time="68.049" errors="0" timestamp="2025-12-16T18:34:24 CLST">
  <testcase classname="test.java.carritocompras.CC_Test" name="CC_QA_Automatizacion" time="19.775"/>
  <testcase classname="test.java.carritocompras.CC_Test" name="CC_QA_Automatizacion" time="21.785"/>
  <testcase classname="test.java.carritocompras.CC_Test" name="CC_QA_Automatizacion" time="19.703"/>
</testsuite> <!-- Test Automation -->
